11/07/2014 9:33:50 PM org.apache.catalina.core.ApplicationContext log
INFO: No Spring WebApplicationInitializer types detected on classpath
11/07/2014 9:33:51 PM org.apache.catalina.core.ApplicationContext log
INFO: Initializing Spring root WebApplicationContext
11/07/2014 9:34:01 PM org.apache.catalina.core.ApplicationContext log
INFO: ContextListener: contextInitialized()
11/07/2014 9:34:01 PM org.apache.catalina.core.ApplicationContext log
INFO: SessionListener: contextInitialized()
11/07/2014 9:34:01 PM org.apache.catalina.core.ApplicationContext log
INFO: ContextListener: attributeAdded('org.apache.jasper.compiler.TldLocationsCache', 'org.apache.jasper.compiler.TldLocationsCache@418cff08')
11/07/2014 9:36:24 PM org.apache.catalina.core.ApplicationContext log
INFO: Closing Spring root WebApplicationContext
11/07/2014 9:36:25 PM org.apache.catalina.core.ApplicationContext log
INFO: SessionListener: contextDestroyed()
11/07/2014 9:36:25 PM org.apache.catalina.core.ApplicationContext log
INFO: ContextListener: contextDestroyed()
11/07/2014 9:37:03 PM org.apache.catalina.core.ApplicationContext log
INFO: No Spring WebApplicationInitializer types detected on classpath
11/07/2014 9:37:03 PM org.apache.catalina.core.ApplicationContext log
INFO: Initializing Spring root WebApplicationContext
11/07/2014 9:37:28 PM org.apache.catalina.core.ApplicationContext log
INFO: No Spring WebApplicationInitializer types detected on classpath
11/07/2014 9:37:29 PM org.apache.catalina.core.ApplicationContext log
INFO: Initializing Spring root WebApplicationContext
11/07/2014 9:37:38 PM org.apache.catalina.core.ApplicationContext log
INFO: ContextListener: contextInitialized()
11/07/2014 9:37:38 PM org.apache.catalina.core.ApplicationContext log
INFO: SessionListener: contextInitialized()
11/07/2014 9:37:38 PM org.apache.catalina.core.ApplicationContext log
INFO: ContextListener: attributeAdded('org.apache.jasper.compiler.TldLocationsCache', 'org.apache.jasper.compiler.TldLocationsCache@79b9950e')
11/07/2014 9:39:06 PM org.apache.catalina.core.ApplicationContext log
INFO: No Spring WebApplicationInitializer types detected on classpath
11/07/2014 9:39:07 PM org.apache.catalina.core.ApplicationContext log
INFO: Initializing Spring root WebApplicationContext
11/07/2014 9:39:16 PM org.apache.catalina.core.ApplicationContext log
INFO: ContextListener: contextInitialized()
11/07/2014 9:39:16 PM org.apache.catalina.core.ApplicationContext log
INFO: SessionListener: contextInitialized()
11/07/2014 9:39:16 PM org.apache.catalina.core.ApplicationContext log
INFO: ContextListener: attributeAdded('org.apache.jasper.compiler.TldLocationsCache', 'org.apache.jasper.compiler.TldLocationsCache@6bae60c5')
11/07/2014 9:39:46 PM org.apache.catalina.core.ApplicationContext log
INFO: Initializing Spring FrameworkServlet 'dispatcher'
11/07/2014 10:45:37 PM org.apache.catalina.core.ApplicationContext log
INFO: Destroying Spring FrameworkServlet 'dispatcher'
11/07/2014 10:45:37 PM org.apache.catalina.core.ApplicationContext log
INFO: Closing Spring root WebApplicationContext
11/07/2014 10:45:38 PM org.apache.catalina.core.ApplicationContext log
INFO: SessionListener: contextDestroyed()
11/07/2014 10:45:38 PM org.apache.catalina.core.ApplicationContext log
INFO: ContextListener: contextDestroyed()
