12/07/2014 9:02:10 AM org.apache.catalina.core.ApplicationContext log
INFO: No Spring WebApplicationInitializer types detected on classpath
12/07/2014 9:02:11 AM org.apache.catalina.core.ApplicationContext log
INFO: Initializing Spring root WebApplicationContext
12/07/2014 9:02:31 AM org.apache.catalina.core.ApplicationContext log
INFO: ContextListener: contextInitialized()
12/07/2014 9:02:31 AM org.apache.catalina.core.ApplicationContext log
INFO: SessionListener: contextInitialized()
12/07/2014 9:02:31 AM org.apache.catalina.core.ApplicationContext log
INFO: ContextListener: attributeAdded('org.apache.jasper.compiler.TldLocationsCache', 'org.apache.jasper.compiler.TldLocationsCache@4b24e48f')
12/07/2014 9:03:55 AM org.apache.catalina.core.ApplicationContext log
INFO: Initializing Spring FrameworkServlet 'dispatcher'
12/07/2014 4:23:56 PM org.apache.catalina.core.ApplicationContext log
INFO: Destroying Spring FrameworkServlet 'dispatcher'
12/07/2014 4:23:57 PM org.apache.catalina.core.ApplicationContext log
INFO: Closing Spring root WebApplicationContext
12/07/2014 4:23:58 PM org.apache.catalina.core.ApplicationContext log
INFO: SessionListener: contextDestroyed()
12/07/2014 4:23:58 PM org.apache.catalina.core.ApplicationContext log
INFO: ContextListener: contextDestroyed()
12/07/2014 6:44:39 PM org.apache.catalina.core.ApplicationContext log
INFO: No Spring WebApplicationInitializer types detected on classpath
12/07/2014 6:44:39 PM org.apache.catalina.core.ApplicationContext log
INFO: Initializing Spring root WebApplicationContext
12/07/2014 6:44:59 PM org.apache.catalina.core.ApplicationContext log
INFO: ContextListener: contextInitialized()
12/07/2014 6:44:59 PM org.apache.catalina.core.ApplicationContext log
INFO: SessionListener: contextInitialized()
12/07/2014 6:44:59 PM org.apache.catalina.core.ApplicationContext log
INFO: ContextListener: attributeAdded('org.apache.jasper.compiler.TldLocationsCache', 'org.apache.jasper.compiler.TldLocationsCache@51f3336e')
12/07/2014 7:22:45 PM org.apache.catalina.core.ApplicationContext log
INFO: Initializing Spring FrameworkServlet 'dispatcher'
12/07/2014 11:55:50 PM org.apache.catalina.core.ApplicationContext log
INFO: Destroying Spring FrameworkServlet 'dispatcher'
12/07/2014 11:55:50 PM org.apache.catalina.core.ApplicationContext log
INFO: Closing Spring root WebApplicationContext
12/07/2014 11:55:52 PM org.apache.catalina.core.ApplicationContext log
INFO: SessionListener: contextDestroyed()
12/07/2014 11:55:52 PM org.apache.catalina.core.ApplicationContext log
INFO: ContextListener: contextDestroyed()
12/07/2014 11:56:22 PM org.apache.catalina.core.ApplicationContext log
INFO: No Spring WebApplicationInitializer types detected on classpath
12/07/2014 11:56:23 PM org.apache.catalina.core.ApplicationContext log
INFO: Initializing Spring root WebApplicationContext
12/07/2014 11:56:32 PM org.apache.catalina.core.ApplicationContext log
INFO: ContextListener: contextInitialized()
12/07/2014 11:56:32 PM org.apache.catalina.core.ApplicationContext log
INFO: SessionListener: contextInitialized()
12/07/2014 11:56:32 PM org.apache.catalina.core.ApplicationContext log
INFO: ContextListener: attributeAdded('org.apache.jasper.compiler.TldLocationsCache', 'org.apache.jasper.compiler.TldLocationsCache@109310d2')
12/07/2014 11:56:48 PM org.apache.catalina.core.ApplicationContext log
INFO: Initializing Spring FrameworkServlet 'dispatcher'
