13/07/2014 12:10:44 AM org.apache.catalina.core.ApplicationContext log
INFO: Destroying Spring FrameworkServlet 'dispatcher'
13/07/2014 12:10:44 AM org.apache.catalina.core.ApplicationContext log
INFO: Closing Spring root WebApplicationContext
13/07/2014 12:10:47 AM org.apache.catalina.core.ApplicationContext log
INFO: SessionListener: contextDestroyed()
13/07/2014 12:10:47 AM org.apache.catalina.core.ApplicationContext log
INFO: ContextListener: contextDestroyed()
13/07/2014 7:33:29 AM org.apache.catalina.core.ApplicationContext log
INFO: No Spring WebApplicationInitializer types detected on classpath
13/07/2014 7:33:31 AM org.apache.catalina.core.ApplicationContext log
INFO: Initializing Spring root WebApplicationContext
13/07/2014 7:33:55 AM org.apache.catalina.core.ApplicationContext log
INFO: ContextListener: contextInitialized()
13/07/2014 7:33:55 AM org.apache.catalina.core.ApplicationContext log
INFO: SessionListener: contextInitialized()
13/07/2014 7:33:55 AM org.apache.catalina.core.ApplicationContext log
INFO: ContextListener: attributeAdded('org.apache.jasper.compiler.TldLocationsCache', 'org.apache.jasper.compiler.TldLocationsCache@6e27491a')
13/07/2014 7:37:03 AM org.apache.catalina.core.ApplicationContext log
INFO: Initializing Spring FrameworkServlet 'dispatcher'
13/07/2014 9:56:26 AM org.apache.catalina.core.ApplicationContext log
INFO: Destroying Spring FrameworkServlet 'dispatcher'
13/07/2014 9:56:26 AM org.apache.catalina.core.ApplicationContext log
INFO: Closing Spring root WebApplicationContext
13/07/2014 9:56:28 AM org.apache.catalina.core.ApplicationContext log
INFO: SessionListener: contextDestroyed()
13/07/2014 9:56:28 AM org.apache.catalina.core.ApplicationContext log
INFO: ContextListener: contextDestroyed()
13/07/2014 10:28:15 AM org.apache.catalina.core.ApplicationContext log
INFO: No Spring WebApplicationInitializer types detected on classpath
13/07/2014 10:28:16 AM org.apache.catalina.core.ApplicationContext log
INFO: Initializing Spring root WebApplicationContext
13/07/2014 10:28:41 AM org.apache.catalina.core.ApplicationContext log
INFO: ContextListener: contextInitialized()
13/07/2014 10:28:41 AM org.apache.catalina.core.ApplicationContext log
INFO: SessionListener: contextInitialized()
13/07/2014 10:28:41 AM org.apache.catalina.core.ApplicationContext log
INFO: ContextListener: attributeAdded('org.apache.jasper.compiler.TldLocationsCache', 'org.apache.jasper.compiler.TldLocationsCache@2cbcecc7')
13/07/2014 10:31:33 AM org.apache.catalina.core.ApplicationContext log
INFO: Initializing Spring FrameworkServlet 'dispatcher'
